<?xml version="1.0" encoding="UTF-8"?>
<!-- Generated by org.testng.reporters.JUnitReportReporter -->
<testsuite hostname="DESKTOP-O1960VT" failures="0" tests="1" name="Script.TC1" time="15.187" errors="0" timestamp="2022-11-25T12:20:34 IST" skipped="0">
  <testcase classname="Script.TC1" name="tc1" time="15.187"/>
  <system-out/>
</testsuite> <!-- Script.TC1 -->
